e:\лаба7\laba7\x64\debug\vc142.pdb
e:\лаба7\laba7\x64\debug\vc142.idb
e:\лаба7\laba7\x64\debug\laba7.obj
e:\лаба7\x64\debug\laba7.exe
e:\лаба7\x64\debug\laba7.ilk
e:\лаба7\x64\debug\laba7.pdb
c:\users\kosty\documents\github\vyzovskoe\2сем\основы программирования\лаба7\laba7\x64\debug\laba7.obj
c:\users\kosty\documents\github\vyzovskoe\2сем\основы программирования\лаба7\laba7\x64\debug\laba7.obj.enc
c:\users\kosty\documents\github\vyzovskoe\2сем\основы программирования\лаба7\laba7\x64\debug\laba7.ilk
c:\users\kosty\documents\github\vyzovskoe\2сем\основы программирования\лаба7\laba7\x64\debug\vc142.idb
c:\users\kosty\documents\github\vyzovskoe\2сем\основы программирования\лаба7\laba7\x64\debug\vc143.idb
c:\users\kosty\documents\github\vyzovskoe\2сем\основы программирования\лаба7\laba7\x64\debug\vc142.pdb
c:\users\kosty\documents\github\vyzovskoe\2сем\основы программирования\лаба7\laba7\x64\debug\vc143.pdb
c:\users\kosty\documents\github\vyzovskoe\2сем\основы программирования\лаба7\x64\debug\laba7.pdb
c:\users\kosty\documents\github\vyzovskoe\2сем\основы программирования\лаба7\x64\debug\laba7.exe
c:\users\kosty\documents\github\vyzovskoe\2сем\основы программирования\лаба7\x64\debug\laba7.ilk
c:\users\kosty\documents\github\vyzovskoe\2сем\основы программирования\лаба7\laba7\x64\debug\laba7.tlog\cl.command.1.tlog
c:\users\kosty\documents\github\vyzovskoe\2сем\основы программирования\лаба7\laba7\x64\debug\laba7.tlog\cl.read.1.tlog
c:\users\kosty\documents\github\vyzovskoe\2сем\основы программирования\лаба7\laba7\x64\debug\laba7.tlog\cl.write.1.tlog
c:\users\kosty\documents\github\vyzovskoe\2сем\основы программирования\лаба7\laba7\x64\debug\laba7.tlog\link.command.1.tlog
c:\users\kosty\documents\github\vyzovskoe\2сем\основы программирования\лаба7\laba7\x64\debug\laba7.tlog\link.delete.1.tlog
c:\users\kosty\documents\github\vyzovskoe\2сем\основы программирования\лаба7\laba7\x64\debug\laba7.tlog\link.read.1.tlog
c:\users\kosty\documents\github\vyzovskoe\2сем\основы программирования\лаба7\laba7\x64\debug\laba7.tlog\link.write.1.tlog
